<?xml version="1.0" encoding="UTF-8"?>
<testng-results ignored="0" total="1" passed="1" failed="0" skipped="0">
  <reporter-output>
  </reporter-output>
  <suite started-at="2026-08-07T08:05:58 IST" name="Surefire suite" finished-at="2026-08-07T08:05:58 IST" duration-ms="40">
    <groups>
    </groups>
    <test started-at="2026-08-07T08:05:58 IST" name="Surefire test" finished-at="2026-08-07T08:05:58 IST" duration-ms="40">
      <class name="Testcases.LoginTest">
        <test-method signature="login()[pri:0, instance:Testcases.LoginTest@229d10bd]" started-at="2026-08-07T08:05:58 IST" name="login" finished-at="2026-08-07T08:05:58 IST" duration-ms="7" status="PASS">
          <reporter-output>
          </reporter-output>
        </test-method> <!-- login -->
      </class> <!-- Testcases.LoginTest -->
    </test> <!-- Surefire test -->
  </suite> <!-- Surefire suite -->
</testng-results>
